[
{
  "description": [
    "As a user of SauceDemo",
    "I want to login with credentials from users.json",
    "So that test data is centrally managed and maintainable"
  ],
  "elements": [
    {
      "keyword": "Background",
      "location": "features/login.feature:6",
      "name": "",
      "steps": [
        {
          "keyword": "Given",
          "location": "features/login.feature:7",
          "name": "I am on the login page",
          "step_type": "given"
        }
      ],
      "type": "background"
    },
    {
      "keyword": "Scenario",
      "location": "features/login.feature:12",
      "name": "Successful login with standard user from users.json",
      "status": "passed",
      "steps": [
        {
          "keyword": "Given",
          "location": "features/login.feature:7",
          "match": {
            "arguments": [],
            "location": "features/steps/login_steps.py:12"
          },
          "name": "I am on the login page",
          "result": {
            "duration": 1.9061400890350342,
            "status": "passed"
          },
          "step_type": "given"
        },
        {
          "keyword": "When",
          "location": "features/login.feature:13",
          "match": {
            "arguments": [
              {
                "name": "user_type",
                "value": "standard_user"
              }
            ],
            "location": "features/steps/login_steps.py:106"
          },
          "name": "I login with valid user \"standard_user\"",
          "result": {
            "duration": 0.46383070945739746,
            "status": "passed"
          },
          "step_type": "when"
        },
        {
          "keyword": "Then",
          "location": "features/login.feature:14",
          "match": {
            "arguments": [],
            "location": "features/steps/login_steps.py:53"
          },
          "name": "I should be on the products page",
          "result": {
            "duration": 0.09680795669555664,
            "status": "passed"
          },
          "step_type": "then"
        },
        {
          "keyword": "And",
          "location": "features/login.feature:15",
          "match": {
            "arguments": [],
            "location": "features/steps/login_steps.py:62"
          },
          "name": "I should see the app logo",
          "result": {
            "duration": 0.03130698204040527,
            "status": "passed"
          },
          "step_type": "then"
        }
      ],
      "tags": [
        "smoke",
        "login",
        "positive",
        "data-driven"
      ],
      "type": "scenario"
    },
    {
      "keyword": "Scenario Outline",
      "location": "features/login.feature:25",
      "name": "Successful login with different valid users from users.json -- @1.1 ",
      "status": "passed",
      "steps": [
        {
          "keyword": "Given",
          "location": "features/login.feature:7",
          "match": {
            "arguments": [],
            "location": "features/steps/login_steps.py:12"
          },
          "name": "I am on the login page",
          "result": {
            "duration": 1.0179619789123535,
            "status": "passed"
          },
          "step_type": "given"
        },
        {
          "keyword": "When",
          "location": "features/login.feature:19",
          "match": {
            "arguments": [
              {
                "name": "user_type",
                "value": "standard_user"
              }
            ],
            "location": "features/steps/login_steps.py:106"
          },
          "name": "I login with valid user \"standard_user\"",
          "result": {
            "duration": 0.5145432949066162,
            "status": "passed"
          },
          "step_type": "when"
        },
        {
          "keyword": "Then",
          "location": "features/login.feature:20",
          "match": {
            "arguments": [],
            "location": "features/steps/login_steps.py:53"
          },
          "name": "I should be on the products page",
          "result": {
            "duration": 0.061363935470581055,
            "status": "passed"
          },
          "step_type": "then"
        },
        {
          "keyword": "And",
          "location": "features/login.feature:21",
          "match": {
            "arguments": [],
            "location": "features/steps/login_steps.py:62"
          },
          "name": "I should see the app logo",
          "result": {
            "duration": 0.03681325912475586,
            "status": "passed"
          },
          "step_type": "then"
        }
      ],
      "tags": [
        "smoke",
        "login",
        "positive",
        "data-driven"
      ],
      "type": "scenario"
    },
    {
      "keyword": "Scenario Outline",
      "location": "features/login.feature:26",
      "name": "Successful login with different valid users from users.json -- @1.2 ",
      "status": "passed",
      "steps": [
        {
          "keyword": "Given",
          "location": "features/login.feature:7",
          "match": {
            "arguments": [],
            "location": "features/steps/login_steps.py:12"
          },
          "name": "I am on the login page",
          "result": {
            "duration": 0.8718740940093994,
            "status": "passed"
          },
          "step_type": "given"
        },
        {
          "keyword": "When",
          "location": "features/login.feature:19",
          "match": {
            "arguments": [
              {
                "name": "user_type",
                "value": "problem_user"
              }
            ],
            "location": "features/steps/login_steps.py:106"
          },
          "name": "I login with valid user \"problem_user\"",
          "result": {
            "duration": 0.4551541805267334,
            "status": "passed"
          },
          "step_type": "when"
        },
        {
          "keyword": "Then",
          "location": "features/login.feature:20",
          "match": {
            "arguments": [],
            "location": "features/steps/login_steps.py:53"
          },
          "name": "I should be on the products page",
          "result": {
            "duration": 0.06079673767089844,
            "status": "passed"
          },
          "step_type": "then"
        },
        {
          "keyword": "And",
          "location": "features/login.feature:21",
          "match": {
            "arguments": [],
            "location": "features/steps/login_steps.py:62"
          },
          "name": "I should see the app logo",
          "result": {
            "duration": 0.06240415573120117,
            "status": "passed"
          },
          "step_type": "then"
        }
      ],
      "tags": [
        "smoke",
        "login",
        "positive",
        "data-driven"
      ],
      "type": "scenario"
    },
    {
      "keyword": "Scenario Outline",
      "location": "features/login.feature:27",
      "name": "Successful login with different valid users from users.json -- @1.3 ",
      "status": "passed",
      "steps": [
        {
          "keyword": "Given",
          "location": "features/login.feature:7",
          "match": {
            "arguments": [],
            "location": "features/steps/login_steps.py:12"
          },
          "name": "I am on the login page",
          "result": {
            "duration": 0.7777688503265381,
            "status": "passed"
          },
          "step_type": "given"
        },
        {
          "keyword": "When",
          "location": "features/login.feature:19",
          "match": {
            "arguments": [
              {
                "name": "user_type",
                "value": "performance_glitch_user"
              }
            ],
            "location": "features/steps/login_steps.py:106"
          },
          "name": "I login with valid user \"performance_glitch_user\"",
          "result": {
            "duration": 5.386186122894287,
            "status": "passed"
          },
          "step_type": "when"
        },
        {
          "keyword": "Then",
          "location": "features/login.feature:20",
          "match": {
            "arguments": [],
            "location": "features/steps/login_steps.py:53"
          },
          "name": "I should be on the products page",
          "result": {
            "duration": 0.0400691032409668,
            "status": "passed"
          },
          "step_type": "then"
        },
        {
          "keyword": "And",
          "location": "features/login.feature:21",
          "match": {
            "arguments": [],
            "location": "features/steps/login_steps.py:62"
          },
          "name": "I should see the app logo",
          "result": {
            "duration": 0.033867597579956055,
            "status": "passed"
          },
          "step_type": "then"
        }
      ],
      "tags": [
        "smoke",
        "login",
        "positive",
        "data-driven"
      ],
      "type": "scenario"
    },
    {
      "keyword": "Scenario Outline",
      "location": "features/login.feature:28",
      "name": "Successful login with different valid users from users.json -- @1.4 ",
      "status": "passed",
      "steps": [
        {
          "keyword": "Given",
          "location": "features/login.feature:7",
          "match": {
            "arguments": [],
            "location": "features/steps/login_steps.py:12"
          },
          "name": "I am on the login page",
          "result": {
            "duration": 0.8093891143798828,
            "status": "passed"
          },
          "step_type": "given"
        },
        {
          "keyword": "When",
          "location": "features/login.feature:19",
          "match": {
            "arguments": [
              {
                "name": "user_type",
                "value": "error_user"
              }
            ],
            "location": "features/steps/login_steps.py:106"
          },
          "name": "I login with valid user \"error_user\"",
          "result": {
            "duration": 0.2650442123413086,
            "status": "passed"
          },
          "step_type": "when"
        },
        {
          "keyword": "Then",
          "location": "features/login.feature:20",
          "match": {
            "arguments": [],
            "location": "features/steps/login_steps.py:53"
          },
          "name": "I should be on the products page",
          "result": {
            "duration": 0.035778045654296875,
            "status": "passed"
          },
          "step_type": "then"
        },
        {
          "keyword": "And",
          "location": "features/login.feature:21",
          "match": {
            "arguments": [],
            "location": "features/steps/login_steps.py:62"
          },
          "name": "I should see the app logo",
          "result": {
            "duration": 0.026244163513183594,
            "status": "passed"
          },
          "step_type": "then"
        }
      ],
      "tags": [
        "smoke",
        "login",
        "positive",
        "data-driven"
      ],
      "type": "scenario"
    },
    {
      "keyword": "Scenario Outline",
      "location": "features/login.feature:29",
      "name": "Successful login with different valid users from users.json -- @1.5 ",
      "status": "passed",
      "steps": [
        {
          "keyword": "Given",
          "location": "features/login.feature:7",
          "match": {
            "arguments": [],
            "location": "features/steps/login_steps.py:12"
          },
          "name": "I am on the login page",
          "result": {
            "duration": 1.4163219928741455,
            "status": "passed"
          },
          "step_type": "given"
        },
        {
          "keyword": "When",
          "location": "features/login.feature:19",
          "match": {
            "arguments": [
              {
                "name": "user_type",
                "value": "visual_user"
              }
            ],
            "location": "features/steps/login_steps.py:106"
          },
          "name": "I login with valid user \"visual_user\"",
          "result": {
            "duration": 0.24233388900756836,
            "status": "passed"
          },
          "step_type": "when"
        },
        {
          "keyword": "Then",
          "location": "features/login.feature:20",
          "match": {
            "arguments": [],
            "location": "features/steps/login_steps.py:53"
          },
          "name": "I should be on the products page",
          "result": {
            "duration": 0.04208803176879883,
            "status": "passed"
          },
          "step_type": "then"
        },
        {
          "keyword": "And",
          "location": "features/login.feature:21",
          "match": {
            "arguments": [],
            "location": "features/steps/login_steps.py:62"
          },
          "name": "I should see the app logo",
          "result": {
            "duration": 0.024243831634521484,
            "status": "passed"
          },
          "step_type": "then"
        }
      ],
      "tags": [
        "smoke",
        "login",
        "positive",
        "data-driven"
      ],
      "type": "scenario"
    },
    {
      "keyword": "Scenario",
      "location": "features/login.feature:34",
      "name": "Login fails for locked out user from users.json",
      "status": "passed",
      "steps": [
        {
          "keyword": "Given",
          "location": "features/login.feature:7",
          "match": {
            "arguments": [],
            "location": "features/steps/login_steps.py:12"
          },
          "name": "I am on the login page",
          "result": {
            "duration": 1.1463348865509033,
            "status": "passed"
          },
          "step_type": "given"
        },
        {
          "keyword": "When",
          "location": "features/login.feature:35",
          "match": {
            "arguments": [],
            "location": "features/steps/login_steps.py:127"
          },
          "name": "I login with locked user",
          "result": {
            "duration": 0.24651813507080078,
            "status": "passed"
          },
          "step_type": "when"
        },
        {
          "keyword": "Then",
          "location": "features/login.feature:36",
          "match": {
            "arguments": [
              {
                "name": "error_type",
                "value": "locked"
              }
            ],
            "location": "features/steps/login_steps.py:203"
          },
          "name": "I should see the expected error for \"locked\"",
          "result": {
            "duration": 0.017886877059936523,
            "status": "passed"
          },
          "step_type": "then"
        },
        {
          "keyword": "And",
          "location": "features/login.feature:37",
          "match": {
            "arguments": [],
            "location": "features/steps/login_steps.py:81"
          },
          "name": "I should remain on the login page",
          "result": {
            "duration": 0.014330148696899414,
            "status": "passed"
          },
          "step_type": "then"
        }
      ],
      "tags": [
        "smoke",
        "login",
        "negative",
        "locked",
        "data-driven"
      ],
      "type": "scenario"
    },
    {
      "keyword": "Scenario",
      "location": "features/login.feature:42",
      "name": "Login fails with invalid username from users.json",
      "status": "passed",
      "steps": [
        {
          "keyword": "Given",
          "location": "features/login.feature:7",
          "match": {
            "arguments": [],
            "location": "features/steps/login_steps.py:12"
          },
          "name": "I am on the login page",
          "result": {
            "duration": 0.547234058380127,
            "status": "passed"
          },
          "step_type": "given"
        },
        {
          "keyword": "When",
          "location": "features/login.feature:43",
          "match": {
            "arguments": [
              {
                "name": "case_type",
                "value": "invalid_username"
              }
            ],
            "location": "features/steps/login_steps.py:139"
          },
          "name": "I login with invalid credentials case \"invalid_username\"",
          "result": {
            "duration": 0.24376726150512695,
            "status": "passed"
          },
          "step_type": "when"
        },
        {
          "keyword": "Then",
          "location": "features/login.feature:44",
          "match": {
            "arguments": [
              {
                "name": "error_type",
                "value": "invalid_username"
              }
            ],
            "location": "features/steps/login_steps.py:203"
          },
          "name": "I should see the expected error for \"invalid_username\"",
          "result": {
            "duration": 0.018995046615600586,
            "status": "passed"
          },
          "step_type": "then"
        },
        {
          "keyword": "And",
          "location": "features/login.feature:45",
          "match": {
            "arguments": [],
            "location": "features/steps/login_steps.py:81"
          },
          "name": "I should remain on the login page",
          "result": {
            "duration": 0.013884782791137695,
            "status": "passed"
          },
          "step_type": "then"
        }
      ],
      "tags": [
        "smoke",
        "login",
        "negative",
        "data-driven"
      ],
      "type": "scenario"
    },
    {
      "keyword": "Scenario",
      "location": "features/login.feature:48",
      "name": "Login fails with invalid password from users.json",
      "status": "passed",
      "steps": [
        {
          "keyword": "Given",
          "location": "features/login.feature:7",
          "match": {
            "arguments": [],
            "location": "features/steps/login_steps.py:12"
          },
          "name": "I am on the login page",
          "result": {
            "duration": 0.5696427822113037,
            "status": "passed"
          },
          "step_type": "given"
        },
        {
          "keyword": "When",
          "location": "features/login.feature:49",
          "match": {
            "arguments": [
              {
                "name": "case_type",
                "value": "invalid_password"
              }
            ],
            "location": "features/steps/login_steps.py:139"
          },
          "name": "I login with invalid credentials case \"invalid_password\"",
          "result": {
            "duration": 0.2393941879272461,
            "status": "passed"
          },
          "step_type": "when"
        },
        {
          "keyword": "Then",
          "location": "features/login.feature:50",
          "match": {
            "arguments": [
              {
                "name": "error_type",
                "value": "invalid_password"
              }
            ],
            "location": "features/steps/login_steps.py:203"
          },
          "name": "I should see the expected error for \"invalid_password\"",
          "result": {
            "duration": 0.018890857696533203,
            "status": "passed"
          },
          "step_type": "then"
        },
        {
          "keyword": "And",
          "location": "features/login.feature:51",
          "match": {
            "arguments": [],
            "location": "features/steps/login_steps.py:81"
          },
          "name": "I should remain on the login page",
          "result": {
            "duration": 0.014199972152709961,
            "status": "passed"
          },
          "step_type": "then"
        }
      ],
      "tags": [
        "smoke",
        "login",
        "negative",
        "data-driven"
      ],
      "type": "scenario"
    },
    {
      "keyword": "Scenario",
      "location": "features/login.feature:54",
      "name": "Login fails with both invalid credentials from users.json",
      "status": "passed",
      "steps": [
        {
          "keyword": "Given",
          "location": "features/login.feature:7",
          "match": {
            "arguments": [],
            "location": "features/steps/login_steps.py:12"
          },
          "name": "I am on the login page",
          "result": {
            "duration": 0.5539817810058594,
            "status": "passed"
          },
          "step_type": "given"
        },
        {
          "keyword": "When",
          "location": "features/login.feature:55",
          "match": {
            "arguments": [
              {
                "name": "case_type",
                "value": "both_invalid"
              }
            ],
            "location": "features/steps/login_steps.py:139"
          },
          "name": "I login with invalid credentials case \"both_invalid\"",
          "result": {
            "duration": 0.23430705070495605,
            "status": "passed"
          },
          "step_type": "when"
        },
        {
          "keyword": "Then",
          "location": "features/login.feature:56",
          "match": {
            "arguments": [
              {
                "name": "error_type",
                "value": "both_invalid"
              }
            ],
            "location": "features/steps/login_steps.py:203"
          },
          "name": "I should see the expected error for \"both_invalid\"",
          "result": {
            "duration": 0.019172191619873047,
            "status": "passed"
          },
          "step_type": "then"
        },
        {
          "keyword": "And",
          "location": "features/login.feature:57",
          "match": {
            "arguments": [],
            "location": "features/steps/login_steps.py:81"
          },
          "name": "I should remain on the login page",
          "result": {
            "duration": 0.013661861419677734,
            "status": "passed"
          },
          "step_type": "then"
        }
      ],
      "tags": [
        "smoke",
        "login",
        "negative",
        "data-driven"
      ],
      "type": "scenario"
    },
    {
      "keyword": "Scenario Outline",
      "location": "features/login.feature:67",
      "name": "Login fails with invalid credentials from users.json -- @1.1 ",
      "status": "passed",
      "steps": [
        {
          "keyword": "Given",
          "location": "features/login.feature:7",
          "match": {
            "arguments": [],
            "location": "features/steps/login_steps.py:12"
          },
          "name": "I am on the login page",
          "result": {
            "duration": 0.5596089363098145,
            "status": "passed"
          },
          "step_type": "given"
        },
        {
          "keyword": "When",
          "location": "features/login.feature:61",
          "match": {
            "arguments": [
              {
                "name": "case_type",
                "value": "invalid_username"
              }
            ],
            "location": "features/steps/login_steps.py:139"
          },
          "name": "I login with invalid credentials case \"invalid_username\"",
          "result": {
            "duration": 0.24136590957641602,
            "status": "passed"
          },
          "step_type": "when"
        },
        {
          "keyword": "Then",
          "location": "features/login.feature:62",
          "match": {
            "arguments": [
              {
                "name": "error_type",
                "value": "invalid_username"
              }
            ],
            "location": "features/steps/login_steps.py:203"
          },
          "name": "I should see the expected error for \"invalid_username\"",
          "result": {
            "duration": 0.019154071807861328,
            "status": "passed"
          },
          "step_type": "then"
        },
        {
          "keyword": "And",
          "location": "features/login.feature:63",
          "match": {
            "arguments": [],
            "location": "features/steps/login_steps.py:81"
          },
          "name": "I should remain on the login page",
          "result": {
            "duration": 0.0142059326171875,
            "status": "passed"
          },
          "step_type": "then"
        }
      ],
      "tags": [
        "smoke",
        "login",
        "negative",
        "data-driven"
      ],
      "type": "scenario"
    },
    {
      "keyword": "Scenario Outline",
      "location": "features/login.feature:68",
      "name": "Login fails with invalid credentials from users.json -- @1.2 ",
      "status": "passed",
      "steps": [
        {
          "keyword": "Given",
          "location": "features/login.feature:7",
          "match": {
            "arguments": [],
            "location": "features/steps/login_steps.py:12"
          },
          "name": "I am on the login page",
          "result": {
            "duration": 0.5506668090820312,
            "status": "passed"
          },
          "step_type": "given"
        },
        {
          "keyword": "When",
          "location": "features/login.feature:61",
          "match": {
            "arguments": [
              {
                "name": "case_type",
                "value": "invalid_password"
              }
            ],
            "location": "features/steps/login_steps.py:139"
          },
          "name": "I login with invalid credentials case \"invalid_password\"",
          "result": {
            "duration": 0.2436389923095703,
            "status": "passed"
          },
          "step_type": "when"
        },
        {
          "keyword": "Then",
          "location": "features/login.feature:62",
          "match": {
            "arguments": [
              {
                "name": "error_type",
                "value": "invalid_password"
              }
            ],
            "location": "features/steps/login_steps.py:203"
          },
          "name": "I should see the expected error for \"invalid_password\"",
          "result": {
            "duration": 0.01833820343017578,
            "status": "passed"
          },
          "step_type": "then"
        },
        {
          "keyword": "And",
          "location": "features/login.feature:63",
          "match": {
            "arguments": [],
            "location": "features/steps/login_steps.py:81"
          },
          "name": "I should remain on the login page",
          "result": {
            "duration": 0.013069868087768555,
            "status": "passed"
          },
          "step_type": "then"
        }
      ],
      "tags": [
        "smoke",
        "login",
        "negative",
        "data-driven"
      ],
      "type": "scenario"
    },
    {
      "keyword": "Scenario Outline",
      "location": "features/login.feature:69",
      "name": "Login fails with invalid credentials from users.json -- @1.3 ",
      "status": "passed",
      "steps": [
        {
          "keyword": "Given",
          "location": "features/login.feature:7",
          "match": {
            "arguments": [],
            "location": "features/steps/login_steps.py:12"
          },
          "name": "I am on the login page",
          "result": {
            "duration": 0.559453010559082,
            "status": "passed"
          },
          "step_type": "given"
        },
        {
          "keyword": "When",
          "location": "features/login.feature:61",
          "match": {
            "arguments": [
              {
                "name": "case_type",
                "value": "both_invalid"
              }
            ],
            "location": "features/steps/login_steps.py:139"
          },
          "name": "I login with invalid credentials case \"both_invalid\"",
          "result": {
            "duration": 0.2370471954345703,
            "status": "passed"
          },
          "step_type": "when"
        },
        {
          "keyword": "Then",
          "location": "features/login.feature:62",
          "match": {
            "arguments": [
              {
                "name": "error_type",
                "value": "both_invalid"
              }
            ],
            "location": "features/steps/login_steps.py:203"
          },
          "name": "I should see the expected error for \"both_invalid\"",
          "result": {
            "duration": 0.018646955490112305,
            "status": "passed"
          },
          "step_type": "then"
        },
        {
          "keyword": "And",
          "location": "features/login.feature:63",
          "match": {
            "arguments": [],
            "location": "features/steps/login_steps.py:81"
          },
          "name": "I should remain on the login page",
          "result": {
            "duration": 0.013403177261352539,
            "status": "passed"
          },
          "step_type": "then"
        }
      ],
      "tags": [
        "smoke",
        "login",
        "negative",
        "data-driven"
      ],
      "type": "scenario"
    },
    {
      "keyword": "Scenario",
      "location": "features/login.feature:74",
      "name": "Login fails with empty username from users.json",
      "status": "passed",
      "steps": [
        {
          "keyword": "Given",
          "location": "features/login.feature:7",
          "match": {
            "arguments": [],
            "location": "features/steps/login_steps.py:12"
          },
          "name": "I am on the login page",
          "result": {
            "duration": 0.6034018993377686,
            "status": "passed"
          },
          "step_type": "given"
        },
        {
          "keyword": "When",
          "location": "features/login.feature:75",
          "match": {
            "arguments": [
              {
                "name": "case_type",
                "value": "empty_username"
              }
            ],
            "location": "features/steps/login_steps.py:170"
          },
          "name": "I login with empty credentials case \"empty_username\"",
          "result": {
            "duration": 0.22833728790283203,
            "status": "passed"
          },
          "step_type": "when"
        },
        {
          "keyword": "Then",
          "location": "features/login.feature:76",
          "match": {
            "arguments": [
              {
                "name": "error_type",
                "value": "empty_username"
              }
            ],
            "location": "features/steps/login_steps.py:203"
          },
          "name": "I should see the expected error for \"empty_username\"",
          "result": {
            "duration": 0.017586946487426758,
            "status": "passed"
          },
          "step_type": "then"
        },
        {
          "keyword": "And",
          "location": "features/login.feature:77",
          "match": {
            "arguments": [],
            "location": "features/steps/login_steps.py:81"
          },
          "name": "I should remain on the login page",
          "result": {
            "duration": 0.015188217163085938,
            "status": "passed"
          },
          "step_type": "then"
        }
      ],
      "tags": [
        "smoke",
        "login",
        "negative",
        "validation",
        "data-driven"
      ],
      "type": "scenario"
    },
    {
      "keyword": "Scenario",
      "location": "features/login.feature:80",
      "name": "Login fails with empty password from users.json",
      "status": "passed",
      "steps": [
        {
          "keyword": "Given",
          "location": "features/login.feature:7",
          "match": {
            "arguments": [],
            "location": "features/steps/login_steps.py:12"
          },
          "name": "I am on the login page",
          "result": {
            "duration": 0.5762429237365723,
            "status": "passed"
          },
          "step_type": "given"
        },
        {
          "keyword": "When",
          "location": "features/login.feature:81",
          "match": {
            "arguments": [
              {
                "name": "case_type",
                "value": "empty_password"
              }
            ],
            "location": "features/steps/login_steps.py:170"
          },
          "name": "I login with empty credentials case \"empty_password\"",
          "result": {
            "duration": 0.23594117164611816,
            "status": "passed"
          },
          "step_type": "when"
        },
        {
          "keyword": "Then",
          "location": "features/login.feature:82",
          "match": {
            "arguments": [
              {
                "name": "error_type",
                "value": "empty_password"
              }
            ],
            "location": "features/steps/login_steps.py:203"
          },
          "name": "I should see the expected error for \"empty_password\"",
          "result": {
            "duration": 0.01877570152282715,
            "status": "passed"
          },
          "step_type": "then"
        },
        {
          "keyword": "And",
          "location": "features/login.feature:83",
          "match": {
            "arguments": [],
            "location": "features/steps/login_steps.py:81"
          },
          "name": "I should remain on the login page",
          "result": {
            "duration": 0.014410018920898438,
            "status": "passed"
          },
          "step_type": "then"
        }
      ],
      "tags": [
        "smoke",
        "login",
        "negative",
        "validation",
        "data-driven"
      ],
      "type": "scenario"
    },
    {
      "keyword": "Scenario",
      "location": "features/login.feature:86",
      "name": "Login fails with empty username and password from users.json",
      "status": "passed",
      "steps": [
        {
          "keyword": "Given",
          "location": "features/login.feature:7",
          "match": {
            "arguments": [],
            "location": "features/steps/login_steps.py:12"
          },
          "name": "I am on the login page",
          "result": {
            "duration": 0.6279408931732178,
            "status": "passed"
          },
          "step_type": "given"
        },
        {
          "keyword": "When",
          "location": "features/login.feature:87",
          "match": {
            "arguments": [
              {
                "name": "case_type",
                "value": "both_empty"
              }
            ],
            "location": "features/steps/login_steps.py:170"
          },
          "name": "I login with empty credentials case \"both_empty\"",
          "result": {
            "duration": 0.1689310073852539,
            "status": "passed"
          },
          "step_type": "when"
        },
        {
          "keyword": "Then",
          "location": "features/login.feature:88",
          "match": {
            "arguments": [
              {
                "name": "error_type",
                "value": "empty_username"
              }
            ],
            "location": "features/steps/login_steps.py:203"
          },
          "name": "I should see the expected error for \"empty_username\"",
          "result": {
            "duration": 0.018761157989501953,
            "status": "passed"
          },
          "step_type": "then"
        },
        {
          "keyword": "And",
          "location": "features/login.feature:89",
          "match": {
            "arguments": [],
            "location": "features/steps/login_steps.py:81"
          },
          "name": "I should remain on the login page",
          "result": {
            "duration": 0.014825105667114258,
            "status": "passed"
          },
          "step_type": "then"
        }
      ],
      "tags": [
        "smoke",
        "login",
        "negative",
        "validation",
        "data-driven"
      ],
      "type": "scenario"
    },
    {
      "keyword": "Scenario Outline",
      "location": "features/login.feature:99",
      "name": "Login fails with empty credentials from users.json -- @1.1 ",
      "status": "passed",
      "steps": [
        {
          "keyword": "Given",
          "location": "features/login.feature:7",
          "match": {
            "arguments": [],
            "location": "features/steps/login_steps.py:12"
          },
          "name": "I am on the login page",
          "result": {
            "duration": 0.5463602542877197,
            "status": "passed"
          },
          "step_type": "given"
        },
        {
          "keyword": "When",
          "location": "features/login.feature:93",
          "match": {
            "arguments": [
              {
                "name": "case_type",
                "value": "empty_username"
              }
            ],
            "location": "features/steps/login_steps.py:170"
          },
          "name": "I login with empty credentials case \"empty_username\"",
          "result": {
            "duration": 0.2330310344696045,
            "status": "passed"
          },
          "step_type": "when"
        },
        {
          "keyword": "Then",
          "location": "features/login.feature:94",
          "match": {
            "arguments": [
              {
                "name": "error_type",
                "value": "empty_username"
              }
            ],
            "location": "features/steps/login_steps.py:203"
          },
          "name": "I should see the expected error for \"empty_username\"",
          "result": {
            "duration": 0.01939082145690918,
            "status": "passed"
          },
          "step_type": "then"
        },
        {
          "keyword": "And",
          "location": "features/login.feature:95",
          "match": {
            "arguments": [],
            "location": "features/steps/login_steps.py:81"
          },
          "name": "I should remain on the login page",
          "result": {
            "duration": 0.013801097869873047,
            "status": "passed"
          },
          "step_type": "then"
        }
      ],
      "tags": [
        "smoke",
        "login",
        "negative",
        "validation",
        "data-driven"
      ],
      "type": "scenario"
    },
    {
      "keyword": "Scenario Outline",
      "location": "features/login.feature:100",
      "name": "Login fails with empty credentials from users.json -- @1.2 ",
      "status": "passed",
      "steps": [
        {
          "keyword": "Given",
          "location": "features/login.feature:7",
          "match": {
            "arguments": [],
            "location": "features/steps/login_steps.py:12"
          },
          "name": "I am on the login page",
          "result": {
            "duration": 0.5828769207000732,
            "status": "passed"
          },
          "step_type": "given"
        },
        {
          "keyword": "When",
          "location": "features/login.feature:93",
          "match": {
            "arguments": [
              {
                "name": "case_type",
                "value": "empty_password"
              }
            ],
            "location": "features/steps/login_steps.py:170"
          },
          "name": "I login with empty credentials case \"empty_password\"",
          "result": {
            "duration": 0.23047995567321777,
            "status": "passed"
          },
          "step_type": "when"
        },
        {
          "keyword": "Then",
          "location": "features/login.feature:94",
          "match": {
            "arguments": [
              {
                "name": "error_type",
                "value": "empty_password"
              }
            ],
            "location": "features/steps/login_steps.py:203"
          },
          "name": "I should see the expected error for \"empty_password\"",
          "result": {
            "duration": 0.01939988136291504,
            "status": "passed"
          },
          "step_type": "then"
        },
        {
          "keyword": "And",
          "location": "features/login.feature:95",
          "match": {
            "arguments": [],
            "location": "features/steps/login_steps.py:81"
          },
          "name": "I should remain on the login page",
          "result": {
            "duration": 0.013261079788208008,
            "status": "passed"
          },
          "step_type": "then"
        }
      ],
      "tags": [
        "smoke",
        "login",
        "negative",
        "validation",
        "data-driven"
      ],
      "type": "scenario"
    },
    {
      "keyword": "Scenario Outline",
      "location": "features/login.feature:101",
      "name": "Login fails with empty credentials from users.json -- @1.3 ",
      "status": "passed",
      "steps": [
        {
          "keyword": "Given",
          "location": "features/login.feature:7",
          "match": {
            "arguments": [],
            "location": "features/steps/login_steps.py:12"
          },
          "name": "I am on the login page",
          "result": {
            "duration": 0.5791530609130859,
            "status": "passed"
          },
          "step_type": "given"
        },
        {
          "keyword": "When",
          "location": "features/login.feature:93",
          "match": {
            "arguments": [
              {
                "name": "case_type",
                "value": "both_empty"
              }
            ],
            "location": "features/steps/login_steps.py:170"
          },
          "name": "I login with empty credentials case \"both_empty\"",
          "result": {
            "duration": 0.17306280136108398,
            "status": "passed"
          },
          "step_type": "when"
        },
        {
          "keyword": "Then",
          "location": "features/login.feature:94",
          "match": {
            "arguments": [
              {
                "name": "error_type",
                "value": "empty_username"
              }
            ],
            "location": "features/steps/login_steps.py:203"
          },
          "name": "I should see the expected error for \"empty_username\"",
          "result": {
            "duration": 0.019958019256591797,
            "status": "passed"
          },
          "step_type": "then"
        },
        {
          "keyword": "And",
          "location": "features/login.feature:95",
          "match": {
            "arguments": [],
            "location": "features/steps/login_steps.py:81"
          },
          "name": "I should remain on the login page",
          "result": {
            "duration": 0.014594078063964844,
            "status": "passed"
          },
          "step_type": "then"
        }
      ],
      "tags": [
        "smoke",
        "login",
        "negative",
        "validation",
        "data-driven"
      ],
      "type": "scenario"
    },
    {
      "keyword": "Scenario",
      "location": "features/login.feature:106",
      "name": "Complete login and logout workflow using users.json",
      "status": "passed",
      "steps": [
        {
          "keyword": "Given",
          "location": "features/login.feature:7",
          "match": {
            "arguments": [],
            "location": "features/steps/login_steps.py:12"
          },
          "name": "I am on the login page",
          "result": {
            "duration": 0.5899147987365723,
            "status": "passed"
          },
          "step_type": "given"
        },
        {
          "keyword": "When",
          "location": "features/login.feature:107",
          "match": {
            "arguments": [
              {
                "name": "user_type",
                "value": "standard_user"
              }
            ],
            "location": "features/steps/login_steps.py:106"
          },
          "name": "I login with valid user \"standard_user\"",
          "result": {
            "duration": 0.25064921379089355,
            "status": "passed"
          },
          "step_type": "when"
        },
        {
          "keyword": "Then",
          "location": "features/login.feature:108",
          "match": {
            "arguments": [],
            "location": "features/steps/login_steps.py:53"
          },
          "name": "I should be on the products page",
          "result": {
            "duration": 0.04029679298400879,
            "status": "passed"
          },
          "step_type": "then"
        },
        {
          "keyword": "When",
          "location": "features/login.feature:109",
          "match": {
            "arguments": [],
            "location": "features/steps/products_steps.py:74"
          },
          "name": "I open the menu",
          "result": {
            "duration": 0.053807973861694336,
            "status": "passed"
          },
          "step_type": "when"
        },
        {
          "keyword": "And",
          "location": "features/login.feature:110",
          "match": {
            "arguments": [],
            "location": "features/steps/products_steps.py:82"
          },
          "name": "I click logout",
          "result": {
            "duration": 0.5937271118164062,
            "status": "passed"
          },
          "step_type": "when"
        },
        {
          "keyword": "Then",
          "location": "features/login.feature:111",
          "match": {
            "arguments": [
              {
                "name": "url_part",
                "value": "https://www.saucedemo.com/"
              }
            ],
            "location": "features/steps/common_steps.py:54"
          },
          "name": "the page URL should contain \"https://www.saucedemo.com/\"",
          "result": {
            "duration": 0.0022950172424316406,
            "status": "passed"
          },
          "step_type": "then"
        }
      ],
      "tags": [
        "login",
        "workflow",
        "data-driven"
      ],
      "type": "scenario"
    },
    {
      "keyword": "Scenario",
      "location": "features/login.feature:114",
      "name": "Attempt login with invalid credentials then succeed with valid ones from users.json",
      "status": "passed",
      "steps": [
        {
          "keyword": "Given",
          "location": "features/login.feature:7",
          "match": {
            "arguments": [],
            "location": "features/steps/login_steps.py:12"
          },
          "name": "I am on the login page",
          "result": {
            "duration": 0.7105610370635986,
            "status": "passed"
          },
          "step_type": "given"
        },
        {
          "keyword": "When",
          "location": "features/login.feature:115",
          "match": {
            "arguments": [
              {
                "name": "case_type",
                "value": "both_invalid"
              }
            ],
            "location": "features/steps/login_steps.py:139"
          },
          "name": "I login with invalid credentials case \"both_invalid\"",
          "result": {
            "duration": 0.24491500854492188,
            "status": "passed"
          },
          "step_type": "when"
        },
        {
          "keyword": "Then",
          "location": "features/login.feature:116",
          "match": {
            "arguments": [],
            "location": "features/steps/login_steps.py:72"
          },
          "name": "I should see an error message",
          "result": {
            "duration": 0.01946401596069336,
            "status": "passed"
          },
          "step_type": "then"
        },
        {
          "keyword": "And",
          "location": "features/login.feature:117",
          "match": {
            "arguments": [],
            "location": "features/steps/login_steps.py:81"
          },
          "name": "I should remain on the login page",
          "result": {
            "duration": 0.014054059982299805,
            "status": "passed"
          },
          "step_type": "then"
        },
        {
          "keyword": "When",
          "location": "features/login.feature:118",
          "match": {
            "arguments": [
              {
                "name": "user_type",
                "value": "standard_user"
              }
            ],
            "location": "features/steps/login_steps.py:106"
          },
          "name": "I login with valid user \"standard_user\"",
          "result": {
            "duration": 0.11470699310302734,
            "status": "passed"
          },
          "step_type": "when"
        },
        {
          "keyword": "Then",
          "location": "features/login.feature:119",
          "match": {
            "arguments": [],
            "location": "features/steps/login_steps.py:53"
          },
          "name": "I should be on the products page",
          "result": {
            "duration": 0.037889957427978516,
            "status": "passed"
          },
          "step_type": "then"
        },
        {
          "keyword": "And",
          "location": "features/login.feature:120",
          "match": {
            "arguments": [],
            "location": "features/steps/login_steps.py:62"
          },
          "name": "I should see the app logo",
          "result": {
            "duration": 0.01921820640563965,
            "status": "passed"
          },
          "step_type": "then"
        }
      ],
      "tags": [
        "login",
        "workflow",
        "data-driven"
      ],
      "type": "scenario"
    },
    {
      "keyword": "Scenario",
      "location": "features/login.feature:123",
      "name": "Multiple failed login attempts then success from users.json",
      "status": "passed",
      "steps": [
        {
          "keyword": "Given",
          "location": "features/login.feature:7",
          "match": {
            "arguments": [],
            "location": "features/steps/login_steps.py:12"
          },
          "name": "I am on the login page",
          "result": {
            "duration": 0.5755088329315186,
            "status": "passed"
          },
          "step_type": "given"
        },
        {
          "keyword": "When",
          "location": "features/login.feature:124",
          "match": {
            "arguments": [
              {
                "name": "case_type",
                "value": "invalid_username"
              }
            ],
            "location": "features/steps/login_steps.py:139"
          },
          "name": "I login with invalid credentials case \"invalid_username\"",
          "result": {
            "duration": 0.23988771438598633,
            "status": "passed"
          },
          "step_type": "when"
        },
        {
          "keyword": "Then",
          "location": "features/login.feature:125",
          "match": {
            "arguments": [],
            "location": "features/steps/login_steps.py:72"
          },
          "name": "I should see an error message",
          "result": {
            "duration": 0.018867015838623047,
            "status": "passed"
          },
          "step_type": "then"
        },
        {
          "keyword": "When",
          "location": "features/login.feature:126",
          "match": {
            "arguments": [
              {
                "name": "case_type",
                "value": "invalid_password"
              }
            ],
            "location": "features/steps/login_steps.py:139"
          },
          "name": "I login with invalid credentials case \"invalid_password\"",
          "result": {
            "duration": 0.1055290699005127,
            "status": "passed"
          },
          "step_type": "when"
        },
        {
          "keyword": "Then",
          "location": "features/login.feature:127",
          "match": {
            "arguments": [],
            "location": "features/steps/login_steps.py:72"
          },
          "name": "I should see an error message",
          "result": {
            "duration": 0.014242887496948242,
            "status": "passed"
          },
          "step_type": "then"
        },
        {
          "keyword": "When",
          "location": "features/login.feature:128",
          "match": {
            "arguments": [],
            "location": "features/steps/login_steps.py:127"
          },
          "name": "I login with locked user",
          "result": {
            "duration": 0.10393786430358887,
            "status": "passed"
          },
          "step_type": "when"
        },
        {
          "keyword": "Then",
          "location": "features/login.feature:129",
          "match": {
            "arguments": [],
            "location": "features/steps/login_steps.py:72"
          },
          "name": "I should see an error message",
          "result": {
            "duration": 0.013882875442504883,
            "status": "passed"
          },
          "step_type": "then"
        },
        {
          "keyword": "When",
          "location": "features/login.feature:130",
          "match": {
            "arguments": [
              {
                "name": "user_type",
                "value": "standard_user"
              }
            ],
            "location": "features/steps/login_steps.py:106"
          },
          "name": "I login with valid user \"standard_user\"",
          "result": {
            "duration": 0.11203622817993164,
            "status": "passed"
          },
          "step_type": "when"
        },
        {
          "keyword": "Then",
          "location": "features/login.feature:131",
          "match": {
            "arguments": [],
            "location": "features/steps/login_steps.py:53"
          },
          "name": "I should be on the products page",
          "result": {
            "duration": 0.040489912033081055,
            "status": "passed"
          },
          "step_type": "then"
        }
      ],
      "tags": [
        "login",
        "workflow",
        "data-driven"
      ],
      "type": "scenario"
    }
  ],
  "keyword": "Feature",
  "location": "features/login.feature:1",
  "name": "Login Functionality (Data-Driven with users.json",
  "status": "passed",
  "tags": []
}
]
